Mensaje I / 00:00:00:000 / Root(00) para top(01)
Mensaje I / 00:00:00:000 / top(01) para scheduler(02)
Mensaje I / 00:00:00:000 / top(01) para doctor(03)
Mensaje I / 00:00:00:000 / top(01) para nurse(04)
Mensaje I / 00:00:00:000 / top(01) para operationroom(05)
Mensaje D / 00:00:00:000 / scheduler(02) / ... para top(01)
Mensaje D / 00:00:00:000 / doctor(03) / ... para top(01)
Mensaje D / 00:00:00:000 / nurse(04) / ... para top(01)
Mensaje I / 00:00:00:000 / operationroom(05) para equipment(06)
Mensaje I / 00:00:00:000 / operationroom(05) para operation(07)
Mensaje D / 00:00:00:000 / equipment(06) / ... para operationroom(05)
Mensaje D / 00:00:00:000 / operation(07) / ... para operationroom(05)
Mensaje D / 00:00:00:000 / operationroom(05) / ... para top(01)
Mensaje D / 00:00:00:000 / top(01) / ... para Root(00)
Mensaje X / 00:00:17:000 / Root(00) / in /     50.00000 para top(01)
Mensaje X / 00:00:17:000 / top(01) / in /     50.00000 para scheduler(02)
Mensaje D / 00:00:17:000 / scheduler(02) / 00:00:07:000 para top(01)
Mensaje D / 00:00:17:000 / top(01) / 00:00:07:000 para Root(00)
Mensaje * / 00:00:24:000 / Root(00) para top(01)
Mensaje * / 00:00:24:000 / top(01) para scheduler(02)
Mensaje Y / 00:00:24:000 / scheduler(02) / out /     50.00000 para top(01)
Mensaje D / 00:00:24:000 / scheduler(02) / ... para top(01)
Mensaje X / 00:00:24:000 / top(01) / in /     50.00000 para doctor(03)
Mensaje D / 00:00:24:000 / doctor(03) / 00:00:02:987 para top(01)
Mensaje D / 00:00:24:000 / top(01) / 00:00:02:987 para Root(00)
Mensaje * / 00:00:26:987 / Root(00) para top(01)
Mensaje * / 00:00:26:987 / top(01) para doctor(03)
Mensaje Y / 00:00:26:987 / doctor(03) / out /     50.00000 para top(01)
Mensaje D / 00:00:26:987 / doctor(03) / ... para top(01)
Mensaje X / 00:00:26:987 / top(01) / in /     50.00000 para nurse(04)
Mensaje D / 00:00:26:987 / nurse(04) / 00:00:00:796 para top(01)
Mensaje D / 00:00:26:987 / top(01) / 00:00:00:796 para Root(00)
Mensaje * / 00:00:27:783 / Root(00) para top(01)
Mensaje * / 00:00:27:783 / top(01) para nurse(04)
Mensaje Y / 00:00:27:783 / nurse(04) / out /     50.00000 para top(01)
Mensaje D / 00:00:27:783 / nurse(04) / ... para top(01)
Mensaje X / 00:00:27:783 / top(01) / in /     50.00000 para operationroom(05)
Mensaje X / 00:00:27:783 / operationroom(05) / in /     50.00000 para equipment(06)
Mensaje D / 00:00:27:783 / equipment(06) / 00:00:00:957 para operationroom(05)
Mensaje D / 00:00:27:783 / operationroom(05) / 00:00:00:957 para top(01)
Mensaje D / 00:00:27:783 / top(01) / 00:00:00:957 para Root(00)
Mensaje * / 00:00:28:740 / Root(00) para top(01)
Mensaje * / 00:00:28:740 / top(01) para operationroom(05)
Mensaje * / 00:00:28:740 / operationroom(05) para equipment(06)
Mensaje Y / 00:00:28:740 / equipment(06) / out /     50.00000 para operationroom(05)
Mensaje D / 00:00:28:740 / equipment(06) / ... para operationroom(05)
Mensaje X / 00:00:28:740 / operationroom(05) / in /     50.00000 para operation(07)
Mensaje D / 00:00:28:740 / operation(07) / 00:00:02:035 para operationroom(05)
Mensaje D / 00:00:28:740 / operationroom(05) / 00:00:02:035 para top(01)
Mensaje D / 00:00:28:740 / top(01) / 00:00:02:035 para Root(00)
Mensaje X / 00:00:30:000 / Root(00) / in /      3.00000 para top(01)
Mensaje X / 00:00:30:000 / top(01) / in /      3.00000 para scheduler(02)
Mensaje D / 00:00:30:000 / scheduler(02) / ... para top(01)
Mensaje D / 00:00:30:000 / top(01) / 00:00:00:775 para Root(00)
Mensaje * / 00:00:30:775 / Root(00) para top(01)
Mensaje * / 00:00:30:775 / top(01) para operationroom(05)
Mensaje * / 00:00:30:775 / operationroom(05) para operation(07)
Mensaje Y / 00:00:30:775 / operation(07) / out /     50.00000 para operationroom(05)
Mensaje Y / 00:00:30:775 / operation(07) / done /     50.00000 para operationroom(05)
Mensaje D / 00:00:30:775 / operation(07) / ... para operationroom(05)
Mensaje Y / 00:00:30:775 / operationroom(05) / out /     50.00000 para top(01)
Mensaje Y / 00:00:30:775 / operationroom(05) / done /     50.00000 para top(01)
Mensaje D / 00:00:30:775 / operationroom(05) / ... para top(01)
Mensaje Y / 00:00:30:775 / top(01) / out /     50.00000 para Root(00)
Mensaje X / 00:00:30:775 / top(01) / done /     50.00000 para scheduler(02)
Mensaje D / 00:00:30:775 / scheduler(02) / 00:00:07:000 para top(01)
Mensaje D / 00:00:30:775 / top(01) / 00:00:07:000 para Root(00)
Mensaje * / 00:00:37:775 / Root(00) para top(01)
Mensaje * / 00:00:37:775 / top(01) para scheduler(02)
Mensaje Y / 00:00:37:775 / scheduler(02) / out /      3.00000 para top(01)
Mensaje D / 00:00:37:775 / scheduler(02) / ... para top(01)
Mensaje X / 00:00:37:775 / top(01) / in /      3.00000 para doctor(03)
Mensaje D / 00:00:37:775 / doctor(03) / 00:00:02:182 para top(01)
Mensaje D / 00:00:37:775 / top(01) / 00:00:02:182 para Root(00)
Mensaje * / 00:00:39:957 / Root(00) para top(01)
Mensaje * / 00:00:39:957 / top(01) para doctor(03)
Mensaje Y / 00:00:39:957 / doctor(03) / out /      3.00000 para top(01)
Mensaje D / 00:00:39:957 / doctor(03) / ... para top(01)
Mensaje X / 00:00:39:957 / top(01) / in /      3.00000 para nurse(04)
Mensaje D / 00:00:39:957 / nurse(04) / 00:00:02:160 para top(01)
Mensaje D / 00:00:39:957 / top(01) / 00:00:02:160 para Root(00)
Mensaje * / 00:00:42:117 / Root(00) para top(01)
Mensaje * / 00:00:42:117 / top(01) para nurse(04)
Mensaje Y / 00:00:42:117 / nurse(04) / out /      3.00000 para top(01)
Mensaje D / 00:00:42:117 / nurse(04) / ... para top(01)
Mensaje X / 00:00:42:117 / top(01) / in /      3.00000 para operationroom(05)
Mensaje X / 00:00:42:117 / operationroom(05) / in /      3.00000 para equipment(06)
Mensaje D / 00:00:42:117 / equipment(06) / 00:00:02:849 para operationroom(05)
Mensaje D / 00:00:42:117 / operationroom(05) / 00:00:02:849 para top(01)
Mensaje D / 00:00:42:117 / top(01) / 00:00:02:849 para Root(00)
Mensaje * / 00:00:44:966 / Root(00) para top(01)
Mensaje * / 00:00:44:966 / top(01) para operationroom(05)
Mensaje * / 00:00:44:966 / operationroom(05) para equipment(06)
Mensaje Y / 00:00:44:966 / equipment(06) / out /      3.00000 para operationroom(05)
Mensaje D / 00:00:44:966 / equipment(06) / ... para operationroom(05)
Mensaje X / 00:00:44:966 / operationroom(05) / in /      3.00000 para operation(07)
Mensaje D / 00:00:44:966 / operation(07) / 00:00:02:655 para operationroom(05)
Mensaje D / 00:00:44:966 / operationroom(05) / 00:00:02:655 para top(01)
Mensaje D / 00:00:44:966 / top(01) / 00:00:02:655 para Root(00)
Mensaje * / 00:00:47:621 / Root(00) para top(01)
Mensaje * / 00:00:47:621 / top(01) para operationroom(05)
Mensaje * / 00:00:47:621 / operationroom(05) para operation(07)
Mensaje Y / 00:00:47:621 / operation(07) / out /      3.00000 para operationroom(05)
Mensaje Y / 00:00:47:621 / operation(07) / done /      3.00000 para operationroom(05)
Mensaje D / 00:00:47:621 / operation(07) / ... para operationroom(05)
Mensaje Y / 00:00:47:621 / operationroom(05) / out /      3.00000 para top(01)
Mensaje Y / 00:00:47:621 / operationroom(05) / done /      3.00000 para top(01)
Mensaje D / 00:00:47:621 / operationroom(05) / ... para top(01)
Mensaje Y / 00:00:47:621 / top(01) / out /      3.00000 para Root(00)
Mensaje X / 00:00:47:621 / top(01) / done /      3.00000 para scheduler(02)
Mensaje D / 00:00:47:621 / scheduler(02) / ... para top(01)
Mensaje D / 00:00:47:621 / top(01) / ... para Root(00)
Mensaje X / 00:00:50:000 / Root(00) / in /     -7.00000 para top(01)
Mensaje X / 00:00:50:000 / top(01) / in /     -7.00000 para scheduler(02)
Mensaje D / 00:00:50:000 / scheduler(02) / ... para top(01)
Mensaje D / 00:00:50:000 / top(01) / ... para Root(00)
